<?xml version="1.0" encoding="UTF-8"?>
<testsuite xmlns:xsi="http://www.w3.org/2001/XMLSchema-instance" xsi:noNamespaceSchemaLocation="https://maven.apache.org/surefire/maven-surefire-plugin/xsd/surefire-test-report.xsd" name="org.example.HW6_pageObject.TestWithLogin" time="123.024" tests="6" errors="2" skipped="0" failures="1">
  <properties>
    <property name="sun.desktop" value="windows"/>
    <property name="awt.toolkit" value="sun.awt.windows.WToolkit"/>
    <property name="java.specification.version" value="11"/>
    <property name="sun.cpu.isalist" value="amd64"/>
    <property name="sun.jnu.encoding" value="Cp1251"/>
    <property name="java.class.path" value="C:\Users\stepa\OneDrive\Рабочий стол\JavaAutoWeb\AutoWeb\target\test-classes;C:\Users\stepa\OneDrive\Рабочий стол\JavaAutoWeb\AutoWeb\target\classes;C:\Users\stepa\.m2\repository\org\junit\platform\junit-platform-commons\1.7.0\junit-platform-commons-1.7.0.jar;C:\Users\stepa\.m2\repository\org\apiguardian\apiguardian-api\1.1.0\apiguardian-api-1.1.0.jar;C:\Users\stepa\.m2\repository\org\junit\jupiter\junit-jupiter-engine\5.6.2\junit-jupiter-engine-5.6.2.jar;C:\Users\stepa\.m2\repository\org\junit\platform\junit-platform-engine\1.6.2\junit-platform-engine-1.6.2.jar;C:\Users\stepa\.m2\repository\org\junit\jupiter\junit-jupiter-params\5.6.2\junit-jupiter-params-5.6.2.jar;C:\Users\stepa\.m2\repository\org\junit\jupiter\junit-jupiter-api\5.6.2\junit-jupiter-api-5.6.2.jar;C:\Users\stepa\.m2\repository\org\opentest4j\opentest4j\1.2.0\opentest4j-1.2.0.jar;C:\Users\stepa\.m2\repository\org\seleniumhq\selenium\selenium-java\4.0.0\selenium-java-4.0.0.jar;C:\Users\stepa\.m2\repository\org\seleniumhq\selenium\selenium-api\4.0.0\selenium-api-4.0.0.jar;C:\Users\stepa\.m2\repository\org\seleniumhq\selenium\selenium-chrome-driver\4.0.0\selenium-chrome-driver-4.0.0.jar;C:\Users\stepa\.m2\repository\com\google\auto\service\auto-service-annotations\1.0\auto-service-annotations-1.0.jar;C:\Users\stepa\.m2\repository\com\google\auto\service\auto-service\1.0\auto-service-1.0.jar;C:\Users\stepa\.m2\repository\com\google\auto\auto-common\1.0\auto-common-1.0.jar;C:\Users\stepa\.m2\repository\org\seleniumhq\selenium\selenium-chromium-driver\4.0.0\selenium-chromium-driver-4.0.0.jar;C:\Users\stepa\.m2\repository\org\seleniumhq\selenium\selenium-json\4.0.0\selenium-json-4.0.0.jar;C:\Users\stepa\.m2\repository\org\seleniumhq\selenium\selenium-devtools-v85\4.0.0\selenium-devtools-v85-4.0.0.jar;C:\Users\stepa\.m2\repository\org\seleniumhq\selenium\selenium-devtools-v93\4.0.0\selenium-devtools-v93-4.0.0.jar;C:\Users\stepa\.m2\repository\org\seleniumhq\selenium\selenium-devtools-v94\4.0.0\selenium-devtools-v94-4.0.0.jar;C:\Users\stepa\.m2\repository\org\seleniumhq\selenium\selenium-devtools-v95\4.0.0\selenium-devtools-v95-4.0.0.jar;C:\Users\stepa\.m2\repository\org\seleniumhq\selenium\selenium-edge-driver\4.0.0\selenium-edge-driver-4.0.0.jar;C:\Users\stepa\.m2\repository\org\seleniumhq\selenium\selenium-firefox-driver\4.0.0\selenium-firefox-driver-4.0.0.jar;C:\Users\stepa\.m2\repository\org\seleniumhq\selenium\selenium-firefox-xpi-driver\4.0.0\selenium-firefox-xpi-driver-4.0.0.jar;C:\Users\stepa\.m2\repository\org\seleniumhq\selenium\selenium-ie-driver\4.0.0\selenium-ie-driver-4.0.0.jar;C:\Users\stepa\.m2\repository\org\seleniumhq\selenium\selenium-opera-driver\4.0.0\selenium-opera-driver-4.0.0.jar;C:\Users\stepa\.m2\repository\org\seleniumhq\selenium\selenium-remote-driver\4.0.0\selenium-remote-driver-4.0.0.jar;C:\Users\stepa\.m2\repository\com\beust\jcommander\1.81\jcommander-1.81.jar;C:\Users\stepa\.m2\repository\io\netty\netty-buffer\4.1.68.Final\netty-buffer-4.1.68.Final.jar;C:\Users\stepa\.m2\repository\io\netty\netty-codec-http\4.1.67.Final\netty-codec-http-4.1.67.Final.jar;C:\Users\stepa\.m2\repository\io\netty\netty-codec\4.1.67.Final\netty-codec-4.1.67.Final.jar;C:\Users\stepa\.m2\repository\io\netty\netty-handler\4.1.67.Final\netty-handler-4.1.67.Final.jar;C:\Users\stepa\.m2\repository\io\netty\netty-common\4.1.68.Final\netty-common-4.1.68.Final.jar;C:\Users\stepa\.m2\repository\io\netty\netty-transport-native-epoll\4.1.67.Final\netty-transport-native-epoll-4.1.67.Final.jar;C:\Users\stepa\.m2\repository\io\netty\netty-transport-native-kqueue\4.1.67.Final\netty-transport-native-kqueue-4.1.67.Final.jar;C:\Users\stepa\.m2\repository\io\netty\netty-transport-native-unix-common\4.1.67.Final\netty-transport-native-unix-common-4.1.67.Final.jar;C:\Users\stepa\.m2\repository\io\netty\netty-transport\4.1.68.Final\netty-transport-4.1.68.Final.jar;C:\Users\stepa\.m2\repository\io\netty\netty-resolver\4.1.68.Final\netty-resolver-4.1.68.Final.jar;C:\Users\stepa\.m2\repository\io\opentelemetry\opentelemetry-api\1.6.0\opentelemetry-api-1.6.0.jar;C:\Users\stepa\.m2\repository\io\opentelemetry\opentelemetry-context\1.6.0\opentelemetry-context-1.6.0.jar;C:\Users\stepa\.m2\repository\io\opentelemetry\opentelemetry-exporter-logging\1.6.0\opentelemetry-exporter-logging-1.6.0.jar;C:\Users\stepa\.m2\repository\io\opentelemetry\opentelemetry-sdk-metrics\1.6.0-alpha\opentelemetry-sdk-metrics-1.6.0-alpha.jar;C:\Users\stepa\.m2\repository\io\opentelemetry\opentelemetry-sdk-common\1.6.0\opentelemetry-sdk-common-1.6.0.jar;C:\Users\stepa\.m2\repository\io\opentelemetry\opentelemetry-sdk-extension-autoconfigure-spi\1.6.0\opentelemetry-sdk-extension-autoconfigure-spi-1.6.0.jar;C:\Users\stepa\.m2\repository\io\opentelemetry\opentelemetry-sdk-extension-autoconfigure\1.6.0-alpha\opentelemetry-sdk-extension-autoconfigure-1.6.0-alpha.jar;C:\Users\stepa\.m2\repository\io\opentelemetry\opentelemetry-sdk-trace\1.6.0\opentelemetry-sdk-trace-1.6.0.jar;C:\Users\stepa\.m2\repository\io\opentelemetry\opentelemetry-api-metrics\1.6.0-alpha\opentelemetry-api-metrics-1.6.0-alpha.jar;C:\Users\stepa\.m2\repository\io\opentelemetry\opentelemetry-sdk\1.6.0\opentelemetry-sdk-1.6.0.jar;C:\Users\stepa\.m2\repository\io\opentelemetry\opentelemetry-semconv\1.6.0-alpha\opentelemetry-semconv-1.6.0-alpha.jar;C:\Users\stepa\.m2\repository\io\ous\jtoml\2.0.0\jtoml-2.0.0.jar;C:\Users\stepa\.m2\repository\net\bytebuddy\byte-buddy\1.11.19\byte-buddy-1.11.19.jar;C:\Users\stepa\.m2\repository\org\apache\commons\commons-exec\1.3\commons-exec-1.3.jar;C:\Users\stepa\.m2\repository\org\asynchttpclient\async-http-client\2.12.3\async-http-client-2.12.3.jar;C:\Users\stepa\.m2\repository\org\asynchttpclient\async-http-client-netty-utils\2.12.3\async-http-client-netty-utils-2.12.3.jar;C:\Users\stepa\.m2\repository\io\netty\netty-codec-socks\4.1.60.Final\netty-codec-socks-4.1.60.Final.jar;C:\Users\stepa\.m2\repository\io\netty\netty-handler-proxy\4.1.60.Final\netty-handler-proxy-4.1.60.Final.jar;C:\Users\stepa\.m2\repository\io\netty\netty-transport-native-epoll\4.1.60.Final\netty-transport-native-epoll-4.1.60.Final-linux-x86_64.jar;C:\Users\stepa\.m2\repository\io\netty\netty-transport-native-kqueue\4.1.60.Final\netty-transport-native-kqueue-4.1.60.Final-osx-x86_64.jar;C:\Users\stepa\.m2\repository\org\reactivestreams\reactive-streams\1.0.3\reactive-streams-1.0.3.jar;C:\Users\stepa\.m2\repository\com\typesafe\netty\netty-reactive-streams\2.0.4\netty-reactive-streams-2.0.4.jar;C:\Users\stepa\.m2\repository\com\sun\activation\jakarta.activation\1.2.2\jakarta.activation-1.2.2.jar;C:\Users\stepa\.m2\repository\org\seleniumhq\selenium\selenium-http\4.0.0\selenium-http-4.0.0.jar;C:\Users\stepa\.m2\repository\org\seleniumhq\selenium\selenium-safari-driver\4.0.0\selenium-safari-driver-4.0.0.jar;C:\Users\stepa\.m2\repository\org\seleniumhq\selenium\selenium-support\4.0.0\selenium-support-4.0.0.jar;C:\Users\stepa\.m2\repository\io\github\bonigarcia\webdrivermanager\5.0.3\webdrivermanager-5.0.3.jar;C:\Users\stepa\.m2\repository\org\slf4j\slf4j-api\1.7.32\slf4j-api-1.7.32.jar;C:\Users\stepa\.m2\repository\com\google\code\gson\gson\2.8.8\gson-2.8.8.jar;C:\Users\stepa\.m2\repository\org\jsoup\jsoup\1.14.2\jsoup-1.14.2.jar;C:\Users\stepa\.m2\repository\com\github\docker-java\docker-java\3.2.12\docker-java-3.2.12.jar;C:\Users\stepa\.m2\repository\com\github\docker-java\docker-java-core\3.2.12\docker-java-core-3.2.12.jar;C:\Users\stepa\.m2\repository\com\github\docker-java\docker-java-api\3.2.12\docker-java-api-3.2.12.jar;C:\Users\stepa\.m2\repository\com\fasterxml\jackson\core\jackson-annotations\2.10.3\jackson-annotations-2.10.3.jar;C:\Users\stepa\.m2\repository\commons-lang\commons-lang\2.6\commons-lang-2.6.jar;C:\Users\stepa\.m2\repository\com\fasterxml\jackson\core\jackson-databind\2.10.3\jackson-databind-2.10.3.jar;C:\Users\stepa\.m2\repository\com\fasterxml\jackson\core\jackson-core\2.10.3\jackson-core-2.10.3.jar;C:\Users\stepa\.m2\repository\org\bouncycastle\bcpkix-jdk15on\1.64\bcpkix-jdk15on-1.64.jar;C:\Users\stepa\.m2\repository\org\bouncycastle\bcprov-jdk15on\1.64\bcprov-jdk15on-1.64.jar;C:\Users\stepa\.m2\repository\org\slf4j\jcl-over-slf4j\1.7.30\jcl-over-slf4j-1.7.30.jar;C:\Users\stepa\.m2\repository\com\github\docker-java\docker-java-transport-httpclient5\3.2.12\docker-java-transport-httpclient5-3.2.12.jar;C:\Users\stepa\.m2\repository\com\github\docker-java\docker-java-transport\3.2.12\docker-java-transport-3.2.12.jar;C:\Users\stepa\.m2\repository\org\apache\httpcomponents\client5\httpclient5\5.0.3\httpclient5-5.0.3.jar;C:\Users\stepa\.m2\repository\org\apache\httpcomponents\core5\httpcore5\5.0.2\httpcore5-5.0.2.jar;C:\Users\stepa\.m2\repository\commons-codec\commons-codec\1.13\commons-codec-1.13.jar;C:\Users\stepa\.m2\repository\net\java\dev\jna\jna\5.8.0\jna-5.8.0.jar;C:\Users\stepa\.m2\repository\com\google\guava\guava\30.1.1-jre\guava-30.1.1-jre.jar;C:\Users\stepa\.m2\repository\com\google\guava\failureaccess\1.0.1\failureaccess-1.0.1.jar;C:\Users\stepa\.m2\repository\com\google\guava\listenablefuture\9999.0-empty-to-avoid-conflict-with-guava\listenablefuture-9999.0-empty-to-avoid-conflict-with-guava.jar;C:\Users\stepa\.m2\repository\com\google\code\findbugs\jsr305\3.0.2\jsr305-3.0.2.jar;C:\Users\stepa\.m2\repository\org\checkerframework\checker-qual\3.8.0\checker-qual-3.8.0.jar;C:\Users\stepa\.m2\repository\com\google\errorprone\error_prone_annotations\2.5.1\error_prone_annotations-2.5.1.jar;C:\Users\stepa\.m2\repository\com\google\j2objc\j2objc-annotations\1.3\j2objc-annotations-1.3.jar;C:\Users\stepa\.m2\repository\org\brotli\dec\0.1.2\dec-0.1.2.jar;C:\Users\stepa\.m2\repository\io\qameta\allure\allure-junit5\2.15.0\allure-junit5-2.15.0.jar;C:\Users\stepa\.m2\repository\io\qameta\allure\allure-junit-platform\2.15.0\allure-junit-platform-2.15.0.jar;C:\Users\stepa\.m2\repository\io\qameta\allure\allure-test-filter\2.15.0\allure-test-filter-2.15.0.jar;C:\Users\stepa\.m2\repository\org\junit\platform\junit-platform-launcher\1.8.0\junit-platform-launcher-1.8.0.jar;C:\Users\stepa\.m2\repository\io\qameta\allure\allure-selenide\2.15.0\allure-selenide-2.15.0.jar;C:\Users\stepa\.m2\repository\commons-io\commons-io\2.6\commons-io-2.6.jar;C:\Users\stepa\.m2\repository\ch\qos\logback\logback-classic\1.2.3\logback-classic-1.2.3.jar;C:\Users\stepa\.m2\repository\ch\qos\logback\logback-core\1.2.6\logback-core-1.2.6.jar;C:\Users\stepa\.m2\repository\io\qameta\allure\allure-java-commons\2.15.0\allure-java-commons-2.15.0.jar;C:\Users\stepa\.m2\repository\io\qameta\allure\allure-model\2.15.0\allure-model-2.15.0.jar;C:\Users\stepa\.m2\repository\io\cucumber\cucumber-java\7.1.0\cucumber-java-7.1.0.jar;C:\Users\stepa\.m2\repository\io\cucumber\cucumber-core\7.1.0\cucumber-core-7.1.0.jar;C:\Users\stepa\.m2\repository\io\cucumber\cucumber-gherkin\7.1.0\cucumber-gherkin-7.1.0.jar;C:\Users\stepa\.m2\repository\io\cucumber\cucumber-gherkin-messages\7.1.0\cucumber-gherkin-messages-7.1.0.jar;C:\Users\stepa\.m2\repository\io\cucumber\messages\17.1.1\messages-17.1.1.jar;C:\Users\stepa\.m2\repository\io\cucumber\tag-expressions\4.1.0\tag-expressions-4.1.0.jar;C:\Users\stepa\.m2\repository\io\cucumber\cucumber-expressions\13.0.1\cucumber-expressions-13.0.1.jar;C:\Users\stepa\.m2\repository\io\cucumber\datatable\7.1.0\datatable-7.1.0.jar;C:\Users\stepa\.m2\repository\io\cucumber\cucumber-plugin\7.1.0\cucumber-plugin-7.1.0.jar;C:\Users\stepa\.m2\repository\io\cucumber\docstring\7.1.0\docstring-7.1.0.jar;C:\Users\stepa\.m2\repository\io\cucumber\html-formatter\17.0.0\html-formatter-17.0.0.jar;C:\Users\stepa\.m2\repository\io\cucumber\create-meta\6.0.4\create-meta-6.0.4.jar;C:\Users\stepa\.m2\repository\io\cucumber\cucumber-junit\7.1.0\cucumber-junit-7.1.0.jar;C:\Users\stepa\.m2\repository\junit\junit\4.13.2\junit-4.13.2.jar;C:\Users\stepa\.m2\repository\org\hamcrest\hamcrest-core\1.3\hamcrest-core-1.3.jar;C:\Users\stepa\.m2\repository\com\codeborne\selenide\6.6.5\selenide-6.6.5.jar;C:\Users\stepa\.m2\repository\com\codeborne\selenide-core\6.6.5\selenide-core-6.6.5.jar;C:\Users\stepa\.m2\repository\org\apache\commons\commons-compress\1.21\commons-compress-1.21.jar;C:\Users\stepa\.m2\repository\org\apache\commons\commons-lang3\3.12.0\commons-lang3-3.12.0.jar;C:\Users\stepa\.m2\repository\org\junit\vintage\junit-vintage-engine\5.7.0\junit-vintage-engine-5.7.0.jar;"/>
    <property name="java.vm.vendor" value="Oracle Corporation"/>
    <property name="sun.arch.data.model" value="64"/>
    <property name="user.variant" value=""/>
    <property name="java.vendor.url" value="https://openjdk.java.net/"/>
    <property name="user.timezone" value="Europe/Moscow"/>
    <property name="java.vm.specification.version" value="11"/>
    <property name="os.name" value="Windows 11"/>
    <property name="sun.java.launcher" value="SUN_STANDARD"/>
    <property name="user.country" value="RU"/>
    <property name="sun.boot.library.path" value="C:\Program Files\Java\jdk-11.0.15\bin"/>
    <property name="sun.java.command" value="C:\Users\stepa\AppData\Local\Temp\surefire9383528472965845046\surefirebooter13277804731020452802.jar C:\Users\stepa\AppData\Local\Temp\surefire9383528472965845046 2022-07-02T19-39-33_260-jvmRun1 surefire1781472158412456508tmp surefire_012336568828470545352tmp"/>
    <property name="jdk.debug" value="release"/>
    <property name="surefire.test.class.path" value="C:\Users\stepa\OneDrive\Рабочий стол\JavaAutoWeb\AutoWeb\target\test-classes;C:\Users\stepa\OneDrive\Рабочий стол\JavaAutoWeb\AutoWeb\target\classes;C:\Users\stepa\.m2\repository\org\junit\platform\junit-platform-commons\1.7.0\junit-platform-commons-1.7.0.jar;C:\Users\stepa\.m2\repository\org\apiguardian\apiguardian-api\1.1.0\apiguardian-api-1.1.0.jar;C:\Users\stepa\.m2\repository\org\junit\jupiter\junit-jupiter-engine\5.6.2\junit-jupiter-engine-5.6.2.jar;C:\Users\stepa\.m2\repository\org\junit\platform\junit-platform-engine\1.6.2\junit-platform-engine-1.6.2.jar;C:\Users\stepa\.m2\repository\org\junit\jupiter\junit-jupiter-params\5.6.2\junit-jupiter-params-5.6.2.jar;C:\Users\stepa\.m2\repository\org\junit\jupiter\junit-jupiter-api\5.6.2\junit-jupiter-api-5.6.2.jar;C:\Users\stepa\.m2\repository\org\opentest4j\opentest4j\1.2.0\opentest4j-1.2.0.jar;C:\Users\stepa\.m2\repository\org\seleniumhq\selenium\selenium-java\4.0.0\selenium-java-4.0.0.jar;C:\Users\stepa\.m2\repository\org\seleniumhq\selenium\selenium-api\4.0.0\selenium-api-4.0.0.jar;C:\Users\stepa\.m2\repository\org\seleniumhq\selenium\selenium-chrome-driver\4.0.0\selenium-chrome-driver-4.0.0.jar;C:\Users\stepa\.m2\repository\com\google\auto\service\auto-service-annotations\1.0\auto-service-annotations-1.0.jar;C:\Users\stepa\.m2\repository\com\google\auto\service\auto-service\1.0\auto-service-1.0.jar;C:\Users\stepa\.m2\repository\com\google\auto\auto-common\1.0\auto-common-1.0.jar;C:\Users\stepa\.m2\repository\org\seleniumhq\selenium\selenium-chromium-driver\4.0.0\selenium-chromium-driver-4.0.0.jar;C:\Users\stepa\.m2\repository\org\seleniumhq\selenium\selenium-json\4.0.0\selenium-json-4.0.0.jar;C:\Users\stepa\.m2\repository\org\seleniumhq\selenium\selenium-devtools-v85\4.0.0\selenium-devtools-v85-4.0.0.jar;C:\Users\stepa\.m2\repository\org\seleniumhq\selenium\selenium-devtools-v93\4.0.0\selenium-devtools-v93-4.0.0.jar;C:\Users\stepa\.m2\repository\org\seleniumhq\selenium\selenium-devtools-v94\4.0.0\selenium-devtools-v94-4.0.0.jar;C:\Users\stepa\.m2\repository\org\seleniumhq\selenium\selenium-devtools-v95\4.0.0\selenium-devtools-v95-4.0.0.jar;C:\Users\stepa\.m2\repository\org\seleniumhq\selenium\selenium-edge-driver\4.0.0\selenium-edge-driver-4.0.0.jar;C:\Users\stepa\.m2\repository\org\seleniumhq\selenium\selenium-firefox-driver\4.0.0\selenium-firefox-driver-4.0.0.jar;C:\Users\stepa\.m2\repository\org\seleniumhq\selenium\selenium-firefox-xpi-driver\4.0.0\selenium-firefox-xpi-driver-4.0.0.jar;C:\Users\stepa\.m2\repository\org\seleniumhq\selenium\selenium-ie-driver\4.0.0\selenium-ie-driver-4.0.0.jar;C:\Users\stepa\.m2\repository\org\seleniumhq\selenium\selenium-opera-driver\4.0.0\selenium-opera-driver-4.0.0.jar;C:\Users\stepa\.m2\repository\org\seleniumhq\selenium\selenium-remote-driver\4.0.0\selenium-remote-driver-4.0.0.jar;C:\Users\stepa\.m2\repository\com\beust\jcommander\1.81\jcommander-1.81.jar;C:\Users\stepa\.m2\repository\io\netty\netty-buffer\4.1.68.Final\netty-buffer-4.1.68.Final.jar;C:\Users\stepa\.m2\repository\io\netty\netty-codec-http\4.1.67.Final\netty-codec-http-4.1.67.Final.jar;C:\Users\stepa\.m2\repository\io\netty\netty-codec\4.1.67.Final\netty-codec-4.1.67.Final.jar;C:\Users\stepa\.m2\repository\io\netty\netty-handler\4.1.67.Final\netty-handler-4.1.67.Final.jar;C:\Users\stepa\.m2\repository\io\netty\netty-common\4.1.68.Final\netty-common-4.1.68.Final.jar;C:\Users\stepa\.m2\repository\io\netty\netty-transport-native-epoll\4.1.67.Final\netty-transport-native-epoll-4.1.67.Final.jar;C:\Users\stepa\.m2\repository\io\netty\netty-transport-native-kqueue\4.1.67.Final\netty-transport-native-kqueue-4.1.67.Final.jar;C:\Users\stepa\.m2\repository\io\netty\netty-transport-native-unix-common\4.1.67.Final\netty-transport-native-unix-common-4.1.67.Final.jar;C:\Users\stepa\.m2\repository\io\netty\netty-transport\4.1.68.Final\netty-transport-4.1.68.Final.jar;C:\Users\stepa\.m2\repository\io\netty\netty-resolver\4.1.68.Final\netty-resolver-4.1.68.Final.jar;C:\Users\stepa\.m2\repository\io\opentelemetry\opentelemetry-api\1.6.0\opentelemetry-api-1.6.0.jar;C:\Users\stepa\.m2\repository\io\opentelemetry\opentelemetry-context\1.6.0\opentelemetry-context-1.6.0.jar;C:\Users\stepa\.m2\repository\io\opentelemetry\opentelemetry-exporter-logging\1.6.0\opentelemetry-exporter-logging-1.6.0.jar;C:\Users\stepa\.m2\repository\io\opentelemetry\opentelemetry-sdk-metrics\1.6.0-alpha\opentelemetry-sdk-metrics-1.6.0-alpha.jar;C:\Users\stepa\.m2\repository\io\opentelemetry\opentelemetry-sdk-common\1.6.0\opentelemetry-sdk-common-1.6.0.jar;C:\Users\stepa\.m2\repository\io\opentelemetry\opentelemetry-sdk-extension-autoconfigure-spi\1.6.0\opentelemetry-sdk-extension-autoconfigure-spi-1.6.0.jar;C:\Users\stepa\.m2\repository\io\opentelemetry\opentelemetry-sdk-extension-autoconfigure\1.6.0-alpha\opentelemetry-sdk-extension-autoconfigure-1.6.0-alpha.jar;C:\Users\stepa\.m2\repository\io\opentelemetry\opentelemetry-sdk-trace\1.6.0\opentelemetry-sdk-trace-1.6.0.jar;C:\Users\stepa\.m2\repository\io\opentelemetry\opentelemetry-api-metrics\1.6.0-alpha\opentelemetry-api-metrics-1.6.0-alpha.jar;C:\Users\stepa\.m2\repository\io\opentelemetry\opentelemetry-sdk\1.6.0\opentelemetry-sdk-1.6.0.jar;C:\Users\stepa\.m2\repository\io\opentelemetry\opentelemetry-semconv\1.6.0-alpha\opentelemetry-semconv-1.6.0-alpha.jar;C:\Users\stepa\.m2\repository\io\ous\jtoml\2.0.0\jtoml-2.0.0.jar;C:\Users\stepa\.m2\repository\net\bytebuddy\byte-buddy\1.11.19\byte-buddy-1.11.19.jar;C:\Users\stepa\.m2\repository\org\apache\commons\commons-exec\1.3\commons-exec-1.3.jar;C:\Users\stepa\.m2\repository\org\asynchttpclient\async-http-client\2.12.3\async-http-client-2.12.3.jar;C:\Users\stepa\.m2\repository\org\asynchttpclient\async-http-client-netty-utils\2.12.3\async-http-client-netty-utils-2.12.3.jar;C:\Users\stepa\.m2\repository\io\netty\netty-codec-socks\4.1.60.Final\netty-codec-socks-4.1.60.Final.jar;C:\Users\stepa\.m2\repository\io\netty\netty-handler-proxy\4.1.60.Final\netty-handler-proxy-4.1.60.Final.jar;C:\Users\stepa\.m2\repository\io\netty\netty-transport-native-epoll\4.1.60.Final\netty-transport-native-epoll-4.1.60.Final-linux-x86_64.jar;C:\Users\stepa\.m2\repository\io\netty\netty-transport-native-kqueue\4.1.60.Final\netty-transport-native-kqueue-4.1.60.Final-osx-x86_64.jar;C:\Users\stepa\.m2\repository\org\reactivestreams\reactive-streams\1.0.3\reactive-streams-1.0.3.jar;C:\Users\stepa\.m2\repository\com\typesafe\netty\netty-reactive-streams\2.0.4\netty-reactive-streams-2.0.4.jar;C:\Users\stepa\.m2\repository\com\sun\activation\jakarta.activation\1.2.2\jakarta.activation-1.2.2.jar;C:\Users\stepa\.m2\repository\org\seleniumhq\selenium\selenium-http\4.0.0\selenium-http-4.0.0.jar;C:\Users\stepa\.m2\repository\org\seleniumhq\selenium\selenium-safari-driver\4.0.0\selenium-safari-driver-4.0.0.jar;C:\Users\stepa\.m2\repository\org\seleniumhq\selenium\selenium-support\4.0.0\selenium-support-4.0.0.jar;C:\Users\stepa\.m2\repository\io\github\bonigarcia\webdrivermanager\5.0.3\webdrivermanager-5.0.3.jar;C:\Users\stepa\.m2\repository\org\slf4j\slf4j-api\1.7.32\slf4j-api-1.7.32.jar;C:\Users\stepa\.m2\repository\com\google\code\gson\gson\2.8.8\gson-2.8.8.jar;C:\Users\stepa\.m2\repository\org\jsoup\jsoup\1.14.2\jsoup-1.14.2.jar;C:\Users\stepa\.m2\repository\com\github\docker-java\docker-java\3.2.12\docker-java-3.2.12.jar;C:\Users\stepa\.m2\repository\com\github\docker-java\docker-java-core\3.2.12\docker-java-core-3.2.12.jar;C:\Users\stepa\.m2\repository\com\github\docker-java\docker-java-api\3.2.12\docker-java-api-3.2.12.jar;C:\Users\stepa\.m2\repository\com\fasterxml\jackson\core\jackson-annotations\2.10.3\jackson-annotations-2.10.3.jar;C:\Users\stepa\.m2\repository\commons-lang\commons-lang\2.6\commons-lang-2.6.jar;C:\Users\stepa\.m2\repository\com\fasterxml\jackson\core\jackson-databind\2.10.3\jackson-databind-2.10.3.jar;C:\Users\stepa\.m2\repository\com\fasterxml\jackson\core\jackson-core\2.10.3\jackson-core-2.10.3.jar;C:\Users\stepa\.m2\repository\org\bouncycastle\bcpkix-jdk15on\1.64\bcpkix-jdk15on-1.64.jar;C:\Users\stepa\.m2\repository\org\bouncycastle\bcprov-jdk15on\1.64\bcprov-jdk15on-1.64.jar;C:\Users\stepa\.m2\repository\org\slf4j\jcl-over-slf4j\1.7.30\jcl-over-slf4j-1.7.30.jar;C:\Users\stepa\.m2\repository\com\github\docker-java\docker-java-transport-httpclient5\3.2.12\docker-java-transport-httpclient5-3.2.12.jar;C:\Users\stepa\.m2\repository\com\github\docker-java\docker-java-transport\3.2.12\docker-java-transport-3.2.12.jar;C:\Users\stepa\.m2\repository\org\apache\httpcomponents\client5\httpclient5\5.0.3\httpclient5-5.0.3.jar;C:\Users\stepa\.m2\repository\org\apache\httpcomponents\core5\httpcore5\5.0.2\httpcore5-5.0.2.jar;C:\Users\stepa\.m2\repository\commons-codec\commons-codec\1.13\commons-codec-1.13.jar;C:\Users\stepa\.m2\repository\net\java\dev\jna\jna\5.8.0\jna-5.8.0.jar;C:\Users\stepa\.m2\repository\com\google\guava\guava\30.1.1-jre\guava-30.1.1-jre.jar;C:\Users\stepa\.m2\repository\com\google\guava\failureaccess\1.0.1\failureaccess-1.0.1.jar;C:\Users\stepa\.m2\repository\com\google\guava\listenablefuture\9999.0-empty-to-avoid-conflict-with-guava\listenablefuture-9999.0-empty-to-avoid-conflict-with-guava.jar;C:\Users\stepa\.m2\repository\com\google\code\findbugs\jsr305\3.0.2\jsr305-3.0.2.jar;C:\Users\stepa\.m2\repository\org\checkerframework\checker-qual\3.8.0\checker-qual-3.8.0.jar;C:\Users\stepa\.m2\repository\com\google\errorprone\error_prone_annotations\2.5.1\error_prone_annotations-2.5.1.jar;C:\Users\stepa\.m2\repository\com\google\j2objc\j2objc-annotations\1.3\j2objc-annotations-1.3.jar;C:\Users\stepa\.m2\repository\org\brotli\dec\0.1.2\dec-0.1.2.jar;C:\Users\stepa\.m2\repository\io\qameta\allure\allure-junit5\2.15.0\allure-junit5-2.15.0.jar;C:\Users\stepa\.m2\repository\io\qameta\allure\allure-junit-platform\2.15.0\allure-junit-platform-2.15.0.jar;C:\Users\stepa\.m2\repository\io\qameta\allure\allure-test-filter\2.15.0\allure-test-filter-2.15.0.jar;C:\Users\stepa\.m2\repository\org\junit\platform\junit-platform-launcher\1.8.0\junit-platform-launcher-1.8.0.jar;C:\Users\stepa\.m2\repository\io\qameta\allure\allure-selenide\2.15.0\allure-selenide-2.15.0.jar;C:\Users\stepa\.m2\repository\commons-io\commons-io\2.6\commons-io-2.6.jar;C:\Users\stepa\.m2\repository\ch\qos\logback\logback-classic\1.2.3\logback-classic-1.2.3.jar;C:\Users\stepa\.m2\repository\ch\qos\logback\logback-core\1.2.6\logback-core-1.2.6.jar;C:\Users\stepa\.m2\repository\io\qameta\allure\allure-java-commons\2.15.0\allure-java-commons-2.15.0.jar;C:\Users\stepa\.m2\repository\io\qameta\allure\allure-model\2.15.0\allure-model-2.15.0.jar;C:\Users\stepa\.m2\repository\io\cucumber\cucumber-java\7.1.0\cucumber-java-7.1.0.jar;C:\Users\stepa\.m2\repository\io\cucumber\cucumber-core\7.1.0\cucumber-core-7.1.0.jar;C:\Users\stepa\.m2\repository\io\cucumber\cucumber-gherkin\7.1.0\cucumber-gherkin-7.1.0.jar;C:\Users\stepa\.m2\repository\io\cucumber\cucumber-gherkin-messages\7.1.0\cucumber-gherkin-messages-7.1.0.jar;C:\Users\stepa\.m2\repository\io\cucumber\messages\17.1.1\messages-17.1.1.jar;C:\Users\stepa\.m2\repository\io\cucumber\tag-expressions\4.1.0\tag-expressions-4.1.0.jar;C:\Users\stepa\.m2\repository\io\cucumber\cucumber-expressions\13.0.1\cucumber-expressions-13.0.1.jar;C:\Users\stepa\.m2\repository\io\cucumber\datatable\7.1.0\datatable-7.1.0.jar;C:\Users\stepa\.m2\repository\io\cucumber\cucumber-plugin\7.1.0\cucumber-plugin-7.1.0.jar;C:\Users\stepa\.m2\repository\io\cucumber\docstring\7.1.0\docstring-7.1.0.jar;C:\Users\stepa\.m2\repository\io\cucumber\html-formatter\17.0.0\html-formatter-17.0.0.jar;C:\Users\stepa\.m2\repository\io\cucumber\create-meta\6.0.4\create-meta-6.0.4.jar;C:\Users\stepa\.m2\repository\io\cucumber\cucumber-junit\7.1.0\cucumber-junit-7.1.0.jar;C:\Users\stepa\.m2\repository\junit\junit\4.13.2\junit-4.13.2.jar;C:\Users\stepa\.m2\repository\org\hamcrest\hamcrest-core\1.3\hamcrest-core-1.3.jar;C:\Users\stepa\.m2\repository\com\codeborne\selenide\6.6.5\selenide-6.6.5.jar;C:\Users\stepa\.m2\repository\com\codeborne\selenide-core\6.6.5\selenide-core-6.6.5.jar;C:\Users\stepa\.m2\repository\org\apache\commons\commons-compress\1.21\commons-compress-1.21.jar;C:\Users\stepa\.m2\repository\org\apache\commons\commons-lang3\3.12.0\commons-lang3-3.12.0.jar;C:\Users\stepa\.m2\repository\org\junit\vintage\junit-vintage-engine\5.7.0\junit-vintage-engine-5.7.0.jar;"/>
    <property name="sun.cpu.endian" value="little"/>
    <property name="allure.results.directory" value="C:\Users\stepa\OneDrive\Рабочий стол\JavaAutoWeb\AutoWeb\target/allure-results"/>
    <property name="user.home" value="C:\Users\stepa"/>
    <property name="user.language" value="ru"/>
    <property name="java.specification.vendor" value="Oracle Corporation"/>
    <property name="java.version.date" value="2022-04-19"/>
    <property name="java.home" value="C:\Program Files\Java\jdk-11.0.15"/>
    <property name="file.separator" value="\"/>
    <property name="basedir" value="C:\Users\stepa\OneDrive\Рабочий стол\JavaAutoWeb\AutoWeb"/>
    <property name="java.vm.compressedOopsMode" value="32-bit"/>
    <property name="line.separator" value="&#10;"/>
    <property name="java.specification.name" value="Java Platform API Specification"/>
    <property name="java.vm.specification.vendor" value="Oracle Corporation"/>
    <property name="java.awt.graphicsenv" value="sun.awt.Win32GraphicsEnvironment"/>
    <property name="surefire.real.class.path" value="C:\Users\stepa\AppData\Local\Temp\surefire9383528472965845046\surefirebooter13277804731020452802.jar"/>
    <property name="user.script" value=""/>
    <property name="sun.management.compiler" value="HotSpot 64-Bit Tiered Compilers"/>
    <property name="java.runtime.version" value="11.0.15+8-LTS-149"/>
    <property name="user.name" value="stepa"/>
    <property name="path.separator" value=";"/>
    <property name="os.version" value="10.0"/>
    <property name="java.runtime.name" value="Java(TM) SE Runtime Environment"/>
    <property name="file.encoding" value="Cp1251"/>
    <property name="java.vm.name" value="Java HotSpot(TM) 64-Bit Server VM"/>
    <property name="java.vendor.version" value="18.9"/>
    <property name="localRepository" value="C:\Users\stepa\.m2\repository"/>
    <property name="java.vendor.url.bug" value="https://bugreport.java.com/bugreport/"/>
    <property name="java.io.tmpdir" value="C:\Users\stepa\AppData\Local\Temp\"/>
    <property name="idea.version" value="2022.1.3"/>
    <property name="java.version" value="11.0.15"/>
    <property name="user.dir" value="C:\Users\stepa\OneDrive\Рабочий стол\JavaAutoWeb\AutoWeb"/>
    <property name="os.arch" value="amd64"/>
    <property name="java.vm.specification.name" value="Java Virtual Machine Specification"/>
    <property name="java.awt.printerjob" value="sun.awt.windows.WPrinterJob"/>
    <property name="sun.os.patch.level" value=""/>
    <property name="java.library.path" value="C:\Program Files\Java\jdk-11.0.15\bin;C:\WINDOWS\Sun\Java\bin;C:\WINDOWS\system32;C:\WINDOWS;C:\Program Files\Common Files\Oracle\Java\javapath;C:\Program Files (x86)\Common Files\Oracle\Java\javapath;C:\WINDOWS\system32;C:\WINDOWS;C:\WINDOWS\System32\Wbem;C:\WINDOWS\System32\WindowsPowerShell\v1.0\;C:\WINDOWS\System32\OpenSSH\;C:\Program Files\Git\cmd;C:\Users\stepa\AppData\Local\Programs\Python\Python39\Scripts\;C:\Users\stepa\AppData\Local\Programs\Python\Python39\;C:\Users\stepa\AppData\Local\Microsoft\WindowsApps;C:\Program Files\JetBrains\PyCharm Community Edition 2021.2.2\bin;C:\Users\stepa\AppData\Local\Programs\Microsoft VS Code\bin;C:\Users\stepa\AppData\Local\GitHubDesktop\bin;C:\Program Files\JetBrains\IntelliJ IDEA Community Edition 2021.3.1\bin;C:\Users\stepa\AppData\Local\gitkraken\bin;."/>
    <property name="junit.jupiter.extensions.autodetection.enabled" value="true"/>
    <property name="java.vendor" value="Oracle Corporation"/>
    <property name="java.vm.info" value="mixed mode"/>
    <property name="java.vm.version" value="11.0.15+8-LTS-149"/>
    <property name="sun.io.unicode.encoding" value="UnicodeLittle"/>
    <property name="java.class.version" value="55.0"/>
  </properties>
  <testcase name="lookForShop" classname="org.example.HW6_pageObject.TestWithLogin" time="16.272"/>
  <testcase name="addItemIntoCart" classname="org.example.HW6_pageObject.TestWithLogin" time="22.205">
    <error message="timeout: Timed out receiving message from renderer: 9.263&#10;  (Session info: chrome=103.0.5060.66)&#10;Build info: version: &apos;4.0.0&apos;, revision: &apos;3a21814679&apos;&#10;System info: host: &apos;LAPTOP-9BAGK8HD&apos;, ip: &apos;192.168.77.148&apos;, os.name: &apos;Windows 11&apos;, os.arch: &apos;amd64&apos;, os.version: &apos;10.0&apos;, java.version: &apos;11.0.15&apos;&#10;Driver info: org.openqa.selenium.chrome.ChromeDriver&#10;Command: [b2f10eb235da23882062237008ac2788, get {url=https://zakka.ru/}]&#10;Capabilities {acceptInsecureCerts: false, browserName: chrome, browserVersion: 103.0.5060.66, chrome: {chromedriverVersion: 103.0.5060.53 (a1711811edd7..., userDataDir: C:\Users\stepa\AppData\Loca...}, goog:chromeOptions: {debuggerAddress: localhost:63350}, javascriptEnabled: true, networkConnectionEnabled: false, pageLoadStrategy: normal, platform: WINDOWS, platformName: WINDOWS, proxy: Proxy(), se:cdp: ws://localhost:63350/devtoo..., se:cdpVersion: 103.0.5060.66, setWindowRect: true, strictFileInteractability: false, timeouts: {implicit: 0, pageLoad: 10000, script: 30000}, unhandledPromptBehavior: dismiss and notify, webauthn:extension:credBlob: true, webauthn:extension:largeBlob: true, webauthn:virtualAuthenticators: true}&#10;Session ID: b2f10eb235da23882062237008ac2788" type="org.openqa.selenium.TimeoutException">org.openqa.selenium.TimeoutException: 
timeout: Timed out receiving message from renderer: 9.263
  (Session info: chrome=103.0.5060.66)
Build info: version: '4.0.0', revision: '3a21814679'
System info: host: 'LAPTOP-9BAGK8HD', ip: '192.168.77.148', os.name: 'Windows 11', os.arch: 'amd64', os.version: '10.0', java.version: '11.0.15'
Driver info: org.openqa.selenium.chrome.ChromeDriver
Command: [b2f10eb235da23882062237008ac2788, get {url=https://zakka.ru/}]
Capabilities {acceptInsecureCerts: false, browserName: chrome, browserVersion: 103.0.5060.66, chrome: {chromedriverVersion: 103.0.5060.53 (a1711811edd7..., userDataDir: C:\Users\stepa\AppData\Loca...}, goog:chromeOptions: {debuggerAddress: localhost:63350}, javascriptEnabled: true, networkConnectionEnabled: false, pageLoadStrategy: normal, platform: WINDOWS, platformName: WINDOWS, proxy: Proxy(), se:cdp: ws://localhost:63350/devtoo..., se:cdpVersion: 103.0.5060.66, setWindowRect: true, strictFileInteractability: false, timeouts: {implicit: 0, pageLoad: 10000, script: 30000}, unhandledPromptBehavior: dismiss and notify, webauthn:extension:credBlob: true, webauthn:extension:largeBlob: true, webauthn:virtualAuthenticators: true}
Session ID: b2f10eb235da23882062237008ac2788
	at org.example.HW6_pageObject.TestWithLogin.exitLogin(TestWithLogin.java:231)
</error>
    <system-out><![CDATA[19:41:00.586 [main]  INFO  o.e.HW6_pageObject.AbstractTest - Переход на стартовую страницу
19:41:00.587 [main]  INFO  o.e.HW6_pageObject.AbstractTest - Авторизация на сайте магазина
Найден элемент: a "ВОЙТИ"
Клик на элемент: a "ВОЙТИ"
Найден элемент: input ""
Клик на элемент: input "E-mail"
Найден элемент: input ""
Найден элемент: input ""
Клик на элемент: input "Пароль"
Найден элемент: input ""
Найден элемент: input ""
Клик на элемент: input "Войти"
19:41:01.137 [main]  INFO  o.e.HW6_pageObject.AbstractTest - Проверка авторизации
Найден элемент: a "STEPAN KORYAGIN"
19:41:01.942 [main]  INFO  o.e.HW6_pageObject.AbstractTest - Поиск товара.
Найден элемент: i ""
Найден элемент: input ""
19:41:04.237 [main]  INFO  o.e.HW6_pageObject.AbstractTest - Добавление довара в Корзину.
Найден элемент: div "Ручка шариковая Glance | green
120 р."
Клик на элемент: div ""
Найден элемент: i ""
Клик на элемент: i ""
Найден элемент: a ""
Клик на элемент: a "ОФОРМИТЬ ЗАКАЗ"
Найден элемент: div ""
Клик на элемент: div ""
https://connect.facebook.net/en_US/fbevents.js 23:36349 "[Meta Pixel] - An invalid email address was specified for 'em'. This data will not be sent with any events for this Pixel."
https://www.facebook.com/tr/?id=143845725981117&ev=PageView&dl=https%3A%2F%2Fzakka.ru%2F&rl=&if=false&ts=1656780060311&sw=1536&sh=864&v=2.9.64&r=stable&ec=0&o=62&fbp=fb.1.1656780045174.1693477205&it=1656780060271&coo=false&exp=p1&rqm=GET - Failed to load resource: net::ERR_CONNECTION_RESET
https://www.facebook.com/tr/?id=143845725981117&ev=PageView&dl=https%3A%2F%2Fzakka.ru%2F%23login-popap&rl=&if=false&ts=1656780060974&sw=1536&sh=864&v=2.9.64&r=stable&ec=1&o=318&fbp=fb.1.1656780045174.1693477205&it=1656780060271&coo=false&exp=p1&rqm=GET - Failed to load resource: net::ERR_CONNECTION_RESET
https://connect.facebook.net/en_US/fbevents.js 23:36349 "[Meta Pixel] - An invalid email address was specified for 'em'. This data will not be sent with any events for this Pixel."
https://www.facebook.com/tr/?id=143845725981117&ev=PageView&dl=https%3A%2F%2Fzakka.ru%2F%23login-popap&rl=https%3A%2F%2Fzakka.ru%2F&if=false&ts=1656780061633&sw=1536&sh=864&v=2.9.64&r=stable&ec=0&o=318&fbp=fb.1.1656780045174.1693477205&it=1656780061573&coo=false&rqm=GET - Failed to load resource: net::ERR_CONNECTION_RESET
https://www.facebook.com/tr/?id=143845725981117&ev=Microdata&dl=https%3A%2F%2Fzakka.ru%2F%23login-popap&rl=https%3A%2F%2Fzakka.ru%2F&if=false&ts=1656780063137&cd[DataLayer]=%5B%5D&cd[Meta]=%7B%22title%22%3A%22Zakka.ru%20-%20%D0%BA%D0%B0%D0%BD%D1%86%D1%82%D0%BE%D0%B2%D0%B0%D1%80%D1%8B%2C%20%D0%BF%D0%BE%D0%B4%D0%B0%D1%80%D0%BA%D0%B8%2C%20%D0%B0%D0%BA%D1%81%D0%B5%D1%81%D1%81%D1%83%D0%B0%D1%80%D1%8B.%20%D0%9F%D1%80%D0%B8%D0%BA%D0%BE%D0%BB%D1%8C%D0%BD%D0%B0%D1%8F%20%D0%BA%D0%B0%D0%BD%D1%86%D0%B5%D0%BB%D1%8F%D1%80%D0%B8%D1%8F%2C%20%D0%BD%D0%B5%D0%BE%D0%B1%D1%8B%D1%87%D0%BD%D1%8B%D0%B5%20%D0%BF%D0%BE%D0%B4%D0%B0%D1%80%D0%BA%D0%B8%2C%20%D1%82%D0%BE%D0%B2%D0%B0%D1%80%D1%8B%20%D0%B4%D0%BB%D1%8F%20%D0%B4%D0%BE%D0%BC%D0%B0%2C%20%D0%B0%D0%BA%D1%81%D0%B5%D1%81%D1%81%D1%83%D0%B0%D1%80%D1%8B%22%2C%22meta%3Adescription%22%3A%22%D0%A3%D1%8E%D1%82%D0%BD%D1%8B%D0%B5%20%D1%82%D0%BE%D0%B2%D0%B0%D1%80%D1%8B%20%D0%B4%D0%BB%D1%8F%20%D0%B4%D0%BE%D0%BC%D0%B0%2C%20%D0%BD%D0%B5%D0%BE%D0%B1%D1%8B%D1%87%D0%BD%D1%8B%D0%B5%20%D0%B0%D0%BA%D1%81%D0%B5%D1%81%D1%81%D1%83%D0%B0%D1%80%D1%8B%2C%20%D1%81%D1%82%D0%B8%D0%BB%D1%8C%D0%BD%D0%B0%D1%8F%20%D0%BA%D0%B0%D0%BD%D1%86%D0%B5%D0%BB%D1%8F%D1%80%D0%B8%D1%8F.%20%D0%94%D0%B0%D1%80%D0%B8%D1%82%D0%B5%20%D0%B1%D0%BE%D0%BB%D1%8C%D1%88%D0%B5%20%D0%BC%D0%B0%D0%BB%D0%B5%D0%BD%D1%8C%D0%BA%D0%B8%D1%85%20%D1%80%D0%B0%D0%B4%D0%BE%D1%81%D1%82%D0%B5%D0%B9%20%D1%81%D0%B5%D0%B1%D0%B5%20%D0%B8%20%D0%B1%D0%BB%D0%B8%D0%B7%D0%BA%D0%B8%D0%BC.%2040%20%D0%BC%D0%B0%D0%B3%D0%B0%D0%B7%D0%B8%D0%BD%D0%BE%D0%B2%2B%D0%BE%D0%BD-%D0%BB%D0%B0%D0%B9%D0%BD%20%D0%B7%D0%B0%D0%BA%D0%B0%D0%B7%20%D1%81%20%D0%B4%D0%BE%D1%81%D1%82%D0%B0%D0%B2%D0%BA%D0%BE%D0%B9%20%D0%BF%D0%BE%20%D0%A0%D0%BE%D1%81%D1%81%D0%B8%D0%B8%22%7D&cd[OpenGraph]=%7B%7D&cd[Schema.org]=%5B%5D&cd[JSON-LD]=%5B%5D&sw=1536&sh=864&v=2.9.64&r=stable&ec=1&o=318&fbp=fb.1.1656780045174.1693477205&it=1656780061573&coo=false&es=automatic&tm=3&rqm=GET - Failed to load resource: net::ERR_CONNECTION_RESET
https://connect.facebook.net/en_US/fbevents.js 23:36349 "[Meta Pixel] - An invalid email address was specified for 'em'. This data will not be sent with any events for this Pixel."
https://www.facebook.com/tr/?id=143845725981117&ev=PageView&dl=https%3A%2F%2Fzakka.ru%2Fsearch%2Findex.php%3Fq%3D%25D0%25A0%25D1%2583%25D1%2587%25D0%25BA%25D0%25B0%2B%25D1%2588%25D0%25B0%25D1%2580%25D0%25B8%25D0%25BA%25D0%25BE%25D0%25B2%25D0%25B0%25D1%258F%2BGlance%26s%3D&rl=https%3A%2F%2Fzakka.ru%2F&if=false&ts=1656780064058&sw=1536&sh=864&v=2.9.64&r=stable&ec=0&o=62&fbp=fb.1.1656780045174.1693477205&it=1656780064030&coo=false&rqm=GET - Failed to load resource: net::ERR_CONNECTION_RESET
https://connect.facebook.net/en_US/fbevents.js 23:36349 "[Meta Pixel] - An invalid email address was specified for 'em'. This data will not be sent with any events for this Pixel."
https://www.facebook.com/tr/?id=143845725981117&ev=PageView&dl=https%3A%2F%2Fzakka.ru%2Fcatalog%2Fruchki_i_karandashi%2Fruchka_sharikovaya_glance_green%2F&rl=https%3A%2F%2Fzakka.ru%2Fsearch%2Findex.php%3Fq%3D%25D0%25A0%25D1%2583%25D1%2587%25D0%25BA%25D0%25B0%2B%25D1%2588%25D0%25B0%25D1%2580%25D0%25B8%25D0%25BA%25D0%25BE%25D0%25B2%25D0%25B0%25D1%258F%2BGlance%26s%3D&if=false&ts=1656780064804&sw=1536&sh=864&v=2.9.64&r=stable&ec=0&o=62&fbp=fb.1.1656780045174.1693477205&it=1656780064744&coo=false&rqm=GET - Failed to load resource: net::ERR_CONNECTION_RESET
https://www.facebook.com/tr/?id=143845725981117&ev=ViewContent&dl=https%3A%2F%2Fzakka.ru%2Fcatalog%2Fruchki_i_karandashi%2Fruchka_sharikovaya_glance_green%2F&rl=https%3A%2F%2Fzakka.ru%2Fsearch%2Findex.php%3Fq%3D%25D0%25A0%25D1%2583%25D1%2587%25D0%25BA%25D0%25B0%2B%25D1%2588%25D0%25B0%25D1%2580%25D0%25B8%25D0%25BA%25D0%25BE%25D0%25B2%25D0%25B0%25D1%258F%2BGlance%26s%3D&if=false&ts=1656780064805&cd[content_name]=%D0%A0%D1%83%D1%87%D0%BA%D0%B0%20%D1%88%D0%B0%D1%80%D0%B8%D0%BA%D0%BE%D0%B2%D0%B0%D1%8F%20Glance%20%7C%20green&cd[content_category]=&cd[content_ids]=%5B%2253808%22%5D&cd[content_type]=product&cd[value]=120&cd[currency]=RUB&sw=1536&sh=864&v=2.9.64&r=stable&ec=1&o=62&fbp=fb.1.1656780045174.1693477205&it=1656780064744&coo=false&rqm=GET - Failed to load resource: net::ERR_CONNECTION_RESET
https://www.facebook.com/tr/?id=143845725981117&ev=SubscribedButtonClick&dl=https%3A%2F%2Fzakka.ru%2Fcatalog%2Fruchki_i_karandashi%2Fruchka_sharikovaya_glance_green%2F&rl=https%3A%2F%2Fzakka.ru%2Fsearch%2Findex.php%3Fq%3D%25D0%25A0%25D1%2583%25D1%2587%25D0%25BA%25D0%25B0%2B%25D1%2588%25D0%25B0%25D1%2580%25D0%25B8%25D0%25BA%25D0%25BE%25D0%25B2%25D0%25B0%25D1%258F%2BGlance%26s%3D&if=false&ts=1656780065390&cd[buttonFeatures]=%7B%22classList%22%3A%22default-btn%20cl%22%2C%22destination%22%3A%22https%3A%2F%2Fzakka.ru%2Fpersonal%2Fcart%2F%22%2C%22id%22%3A%22%22%2C%22imageUrl%22%3A%22%22%2C%22innerText%22%3A%22%D0%9E%D0%A4%D0%9E%D0%A0%D0%9C%D0%98%D0%A2%D0%AC%20%D0%97%D0%90%D0%9A%D0%90%D0%97%22%2C%22numChildButtons%22%3A0%2C%22tag%22%3A%22a%22%2C%22name%22%3A%22%22%7D&cd[buttonText]=%D0%9E%D0%A4%D0%9E%D0%A0%D0%9C%D0%98%D0%A2%D0%AC%20%D0%97%D0%90%D0%9A%D0%90%D0%97&cd[formFeatures]=%5B%5D&cd[pageFeatures]=%7B%22title%22%3A%22%D0%A0%D1%83%D1%87%D0%BA%D0%B0%20%D1%88%D0%B0%D1%80%D0%B8%D0%BA%D0%BE%D0%B2%D0%B0%D1%8F%20Glance%20%7C%20green%20-%20%D0%98%D0%BD%D1%82%D0%B5%D1%80%D0%BD%D0%B5%D1%82%20%D0%BC%D0%B0%D0%B3%D0%B0%D0%B7%D0%B8%D0%BD%20Zakka.ru%22%7D&cd[parameters]=%5B%5D&sw=1536&sh=864&v=2.9.64&r=stable&ec=2&o=318&fbp=fb.1.1656780045174.1693477205&it=1656780064744&coo=false&es=automatic&tm=3&rqm=GET - Failed to load resource: net::ERR_CONNECTION_RESET
https://www.facebook.com/tr/?id=143845725981117&ev=Microdata&dl=https%3A%2F%2Fzakka.ru%2Fcatalog%2Fruchki_i_karandashi%2Fruchka_sharikovaya_glance_green%2F&rl=https%3A%2F%2Fzakka.ru%2Fsearch%2Findex.php%3Fq%3D%25D0%25A0%25D1%2583%25D1%2587%25D0%25BA%25D0%25B0%2B%25D1%2588%25D0%25B0%25D1%2580%25D0%25B8%25D0%25BA%25D0%25BE%25D0%25B2%25D0%25B0%25D1%258F%2BGlance%26s%3D&if=false&ts=1656780066325&cd[DataLayer]=%5B%5D&cd[Meta]=%7B%22title%22%3A%22%D0%A0%D1%83%D1%87%D0%BA%D0%B0%20%D1%88%D0%B0%D1%80%D0%B8%D0%BA%D0%BE%D0%B2%D0%B0%D1%8F%20Glance%20%7C%20green%20-%20%D0%98%D0%BD%D1%82%D0%B5%D1%80%D0%BD%D0%B5%D1%82%20%D0%BC%D0%B0%D0%B3%D0%B0%D0%B7%D0%B8%D0%BD%20Zakka.ru%22%2C%22meta%3Adescription%22%3A%22%D0%A0%D1%83%D1%87%D0%BA%D0%B0%20%D1%88%D0%B0%D1%80%D0%B8%D0%BA%D0%BE%D0%B2%D0%B0%D1%8F%20Glance%20%7C%20green%20%D1%81%20%D0%B4%D0%BE%D1%81%D1%82%D0%B0%D0%B2%D0%BA%D0%BE%D0%B9%20%D0%BF%D0%BE%20%D0%B2%D1%81%D0%B5%D0%B9%20%D0%A0%D0%BE%D1%81%D1%81%D0%B8%D0%B8%20%D0%BE%D1%82%20%D0%B8%D0%BD%D1%82%D0%B5%D1%80%D0%BD%D0%B5%D1%82%20%D0%BC%D0%B0%D0%B3%D0%B0%D0%B7%D0%B8%D0%BD%D0%B0%20Zakka.ru%20%2B7%20(499)%20951-95-02%22%7D&cd[OpenGraph]=%7B%7D&cd[Schema.org]=%5B%5D&cd[JSON-LD]=%5B%5D&sw=1536&sh=864&v=2.9.64&r=stable&ec=3&o=318&fbp=fb.1.1656780045174.1693477205&it=1656780064744&coo=false&es=automatic&tm=3&rqm=GET - Failed to load resource: net::ERR_CONNECTION_RESET
https://connect.facebook.net/en_US/fbevents.js 23:36349 "[Meta Pixel] - An invalid email address was specified for 'em'. This data will not be sent with any events for this Pixel."
https://www.facebook.com/tr/?id=143845725981117&ev=PageView&dl=https%3A%2F%2Fzakka.ru%2Fpersonal%2Fcart%2F%23order_form&rl=https%3A%2F%2Fzakka.ru%2Fcatalog%2Fruchki_i_karandashi%2Fruchka_sharikovaya_glance_green%2F&if=false&ts=1656780067608&sw=1536&sh=864&v=2.9.64&r=stable&ec=0&o=62&fbp=fb.1.1656780045174.1693477205&it=1656780067523&coo=false&exp=p1&rqm=GET - Failed to load resource: net::ERR_CONNECTION_RESET
https://www.facebook.com/tr/?id=143845725981117&ev=InitiateCheckout&dl=https%3A%2F%2Fzakka.ru%2Fpersonal%2Fcart%2F%23order_form&rl=https%3A%2F%2Fzakka.ru%2Fcatalog%2Fruchki_i_karandashi%2Fruchka_sharikovaya_glance_green%2F&if=false&ts=1656780067610&sw=1536&sh=864&v=2.9.64&r=stable&ec=1&o=62&fbp=fb.1.1656780045174.1693477205&it=1656780067523&coo=false&exp=p1&rqm=GET - Failed to load resource: net::ERR_CONNECTION_RESET
https://www.facebook.com/tr/?id=143845725981117&ev=Microdata&dl=https%3A%2F%2Fzakka.ru%2Fpersonal%2Fcart%2F%23order_form&rl=https%3A%2F%2Fzakka.ru%2Fcatalog%2Fruchki_i_karandashi%2Fruchka_sharikovaya_glance_green%2F&if=false&ts=1656780069112&cd[DataLayer]=%5B%5D&cd[Meta]=%7B%22title%22%3A%22%D0%9E%D1%84%D0%BE%D1%80%D0%BC%D0%BB%D0%B5%D0%BD%D0%B8%D0%B5%20%D0%B7%D0%B0%D0%BA%D0%B0%D0%B7%D0%B0%22%7D&cd[OpenGraph]=%7B%7D&cd[Schema.org]=%5B%5D&cd[JSON-LD]=%5B%5D&sw=1536&sh=864&v=2.9.64&r=stable&ec=2&o=62&fbp=fb.1.1656780045174.1693477205&it=1656780067523&coo=false&es=automatic&tm=3&exp=p1&rqm=GET - Failed to load resource: net::ERR_CONNECTION_RESET
19:41:12.105 [main]  INFO  o.e.HW6_pageObject.AbstractTest - Проверка наличие товара в Корзине
Найден элемент: a "Ручка шариковая Glance | green"
19:41:12.146 [main]  INFO  o.e.HW6_pageObject.AbstractTest - Выход из авторизованного аккаунта.
https://connect.facebook.net/en_US/fbevents.js 23:36349 "[Meta Pixel] - An invalid email address was specified for 'em'. This data will not be sent with any events for this Pixel."
https://www.facebook.com/tr/?id=143845725981117&ev=PageView&dl=https%3A%2F%2Fzakka.ru%2F&rl=&if=false&ts=1656780072981&sw=1536&sh=864&v=2.9.64&r=stable&ec=0&o=62&fbp=fb.1.1656780045174.1693477205&it=1656780072964&coo=false&rqm=GET - Failed to load resource: net::ERR_CONNECTION_RESET
https://www.facebook.com/tr/?id=143845725981117&ev=Microdata&dl=https%3A%2F%2Fzakka.ru%2F&rl=&if=false&ts=1656780074495&cd[DataLayer]=%5B%5D&cd[Meta]=%7B%22title%22%3A%22Zakka.ru%20-%20%D0%BA%D0%B0%D0%BD%D1%86%D1%82%D0%BE%D0%B2%D0%B0%D1%80%D1%8B%2C%20%D0%BF%D0%BE%D0%B4%D0%B0%D1%80%D0%BA%D0%B8%2C%20%D0%B0%D0%BA%D1%81%D0%B5%D1%81%D1%81%D1%83%D0%B0%D1%80%D1%8B.%20%D0%9F%D1%80%D0%B8%D0%BA%D0%BE%D0%BB%D1%8C%D0%BD%D0%B0%D1%8F%20%D0%BA%D0%B0%D0%BD%D1%86%D0%B5%D0%BB%D1%8F%D1%80%D0%B8%D1%8F%2C%20%D0%BD%D0%B5%D0%BE%D0%B1%D1%8B%D1%87%D0%BD%D1%8B%D0%B5%20%D0%BF%D0%BE%D0%B4%D0%B0%D1%80%D0%BA%D0%B8%2C%20%D1%82%D0%BE%D0%B2%D0%B0%D1%80%D1%8B%20%D0%B4%D0%BB%D1%8F%20%D0%B4%D0%BE%D0%BC%D0%B0%2C%20%D0%B0%D0%BA%D1%81%D0%B5%D1%81%D1%81%D1%83%D0%B0%D1%80%D1%8B%22%2C%22meta%3Adescription%22%3A%22%D0%A3%D1%8E%D1%82%D0%BD%D1%8B%D0%B5%20%D1%82%D0%BE%D0%B2%D0%B0%D1%80%D1%8B%20%D0%B4%D0%BB%D1%8F%20%D0%B4%D0%BE%D0%BC%D0%B0%2C%20%D0%BD%D0%B5%D0%BE%D0%B1%D1%8B%D1%87%D0%BD%D1%8B%D0%B5%20%D0%B0%D0%BA%D1%81%D0%B5%D1%81%D1%81%D1%83%D0%B0%D1%80%D1%8B%2C%20%D1%81%D1%82%D0%B8%D0%BB%D1%8C%D0%BD%D0%B0%D1%8F%20%D0%BA%D0%B0%D0%BD%D1%86%D0%B5%D0%BB%D1%8F%D1%80%D0%B8%D1%8F.%20%D0%94%D0%B0%D1%80%D0%B8%D1%82%D0%B5%20%D0%B1%D0%BE%D0%BB%D1%8C%D1%88%D0%B5%20%D0%BC%D0%B0%D0%BB%D0%B5%D0%BD%D1%8C%D0%BA%D0%B8%D1%85%20%D1%80%D0%B0%D0%B4%D0%BE%D1%81%D1%82%D0%B5%D0%B9%20%D1%81%D0%B5%D0%B1%D0%B5%20%D0%B8%20%D0%B1%D0%BB%D0%B8%D0%B7%D0%BA%D0%B8%D0%BC.%2040%20%D0%BC%D0%B0%D0%B3%D0%B0%D0%B7%D0%B8%D0%BD%D0%BE%D0%B2%2B%D0%BE%D0%BD-%D0%BB%D0%B0%D0%B9%D0%BD%20%D0%B7%D0%B0%D0%BA%D0%B0%D0%B7%20%D1%81%20%D0%B4%D0%BE%D1%81%D1%82%D0%B0%D0%B2%D0%BA%D0%BE%D0%B9%20%D0%BF%D0%BE%20%D0%A0%D0%BE%D1%81%D1%81%D0%B8%D0%B8%22%7D&cd[OpenGraph]=%7B%7D&cd[Schema.org]=%5B%5D&cd[JSON-LD]=%5B%5D&sw=1536&sh=864&v=2.9.64&r=stable&ec=1&o=62&fbp=fb.1.1656780045174.1693477205&it=1656780072964&coo=false&es=automatic&tm=3&rqm=GET - Failed to load resource: net::ERR_CONNECTION_RESET
]]></system-out>
    <system-err><![CDATA[[1656780082.149][SEVERE]: Timed out receiving message from renderer: 9.263
[1656780082.150][SEVERE]: Timed out receiving message from renderer: 9.263
]]></system-err>
  </testcase>
  <testcase name="DeleteItemFromCart" classname="org.example.HW6_pageObject.TestWithLogin" time="30.062">
    <failure message="Стартовая страница не доступна!!! ==&gt; Unexpected exception thrown: org.openqa.selenium.TimeoutException: timeout: Timed out receiving message from renderer: -0.011&#10;  (Session info: chrome=103.0.5060.66)&#10;Build info: version: &apos;4.0.0&apos;, revision: &apos;3a21814679&apos;&#10;System info: host: &apos;LAPTOP-9BAGK8HD&apos;, ip: &apos;192.168.77.148&apos;, os.name: &apos;Windows 11&apos;, os.arch: &apos;amd64&apos;, os.version: &apos;10.0&apos;, java.version: &apos;11.0.15&apos;&#10;Driver info: org.openqa.selenium.chrome.ChromeDriver&#10;Command: [b2f10eb235da23882062237008ac2788, get {url=https://zakka.ru/}]&#10;Capabilities {acceptInsecureCerts: false, browserName: chrome, browserVersion: 103.0.5060.66, chrome: {chromedriverVersion: 103.0.5060.53 (a1711811edd7..., userDataDir: C:\Users\stepa\AppData\Loca...}, goog:chromeOptions: {debuggerAddress: localhost:63350}, javascriptEnabled: true, networkConnectionEnabled: false, pageLoadStrategy: normal, platform: WINDOWS, platformName: WINDOWS, proxy: Proxy(), se:cdp: ws://localhost:63350/devtoo..., se:cdpVersion: 103.0.5060.66, setWindowRect: true, strictFileInteractability: false, timeouts: {implicit: 0, pageLoad: 10000, script: 30000}, unhandledPromptBehavior: dismiss and notify, webauthn:extension:credBlob: true, webauthn:extension:largeBlob: true, webauthn:virtualAuthenticators: true}&#10;Session ID: b2f10eb235da23882062237008ac2788" type="org.opentest4j.AssertionFailedError">org.opentest4j.AssertionFailedError: 
Стартовая страница не доступна!!! ==> Unexpected exception thrown: org.openqa.selenium.TimeoutException: timeout: Timed out receiving message from renderer: -0.011
  (Session info: chrome=103.0.5060.66)
Build info: version: '4.0.0', revision: '3a21814679'
System info: host: 'LAPTOP-9BAGK8HD', ip: '192.168.77.148', os.name: 'Windows 11', os.arch: 'amd64', os.version: '10.0', java.version: '11.0.15'
Driver info: org.openqa.selenium.chrome.ChromeDriver
Command: [b2f10eb235da23882062237008ac2788, get {url=https://zakka.ru/}]
Capabilities {acceptInsecureCerts: false, browserName: chrome, browserVersion: 103.0.5060.66, chrome: {chromedriverVersion: 103.0.5060.53 (a1711811edd7..., userDataDir: C:\Users\stepa\AppData\Loca...}, goog:chromeOptions: {debuggerAddress: localhost:63350}, javascriptEnabled: true, networkConnectionEnabled: false, pageLoadStrategy: normal, platform: WINDOWS, platformName: WINDOWS, proxy: Proxy(), se:cdp: ws://localhost:63350/devtoo..., se:cdpVersion: 103.0.5060.66, setWindowRect: true, strictFileInteractability: false, timeouts: {implicit: 0, pageLoad: 10000, script: 30000}, unhandledPromptBehavior: dismiss and notify, webauthn:extension:credBlob: true, webauthn:extension:largeBlob: true, webauthn:virtualAuthenticators: true}
Session ID: b2f10eb235da23882062237008ac2788
Caused by: org.openqa.selenium.TimeoutException: 
timeout: Timed out receiving message from renderer: -0.011
  (Session info: chrome=103.0.5060.66)
Build info: version: '4.0.0', revision: '3a21814679'
System info: host: 'LAPTOP-9BAGK8HD', ip: '192.168.77.148', os.name: 'Windows 11', os.arch: 'amd64', os.version: '10.0', java.version: '11.0.15'
Driver info: org.openqa.selenium.chrome.ChromeDriver
Command: [b2f10eb235da23882062237008ac2788, get {url=https://zakka.ru/}]
Capabilities {acceptInsecureCerts: false, browserName: chrome, browserVersion: 103.0.5060.66, chrome: {chromedriverVersion: 103.0.5060.53 (a1711811edd7..., userDataDir: C:\Users\stepa\AppData\Loca...}, goog:chromeOptions: {debuggerAddress: localhost:63350}, javascriptEnabled: true, networkConnectionEnabled: false, pageLoadStrategy: normal, platform: WINDOWS, platformName: WINDOWS, proxy: Proxy(), se:cdp: ws://localhost:63350/devtoo..., se:cdpVersion: 103.0.5060.66, setWindowRect: true, strictFileInteractability: false, timeouts: {implicit: 0, pageLoad: 10000, script: 30000}, unhandledPromptBehavior: dismiss and notify, webauthn:extension:credBlob: true, webauthn:extension:largeBlob: true, webauthn:virtualAuthenticators: true}
Session ID: b2f10eb235da23882062237008ac2788
</failure>
    <system-out><![CDATA[19:41:32.546 [main]  ERROR o.e.H.MyWebDriverEventListener - onException: Скриншот сохранен в папку target/failure-1656780092202.png
Вызвано исключение: timeout: Timed out receiving message from renderer: -0.011
  (Session info: chrome=103.0.5060.66)
Build info: version: '4.0.0', revision: '3a21814679'
System info: host: 'LAPTOP-9BAGK8HD', ip: '192.168.77.148', os.name: 'Windows 11', os.arch: 'amd64', os.version: '10.0', java.version: '11.0.15'
Driver info: org.openqa.selenium.chrome.ChromeDriver
Command: [b2f10eb235da23882062237008ac2788, get {url=https://zakka.ru/}]
Capabilities {acceptInsecureCerts: false, browserName: chrome, browserVersion: 103.0.5060.66, chrome: {chromedriverVersion: 103.0.5060.53 (a1711811edd7..., userDataDir: C:\Users\stepa\AppData\Loca...}, goog:chromeOptions: {debuggerAddress: localhost:63350}, javascriptEnabled: true, networkConnectionEnabled: false, pageLoadStrategy: normal, platform: WINDOWS, platformName: WINDOWS, proxy: Proxy(), se:cdp: ws://localhost:63350/devtoo..., se:cdpVersion: 103.0.5060.66, setWindowRect: true, strictFileInteractability: false, timeouts: {implicit: 0, pageLoad: 10000, script: 30000}, unhandledPromptBehavior: dismiss and notify, webauthn:extension:credBlob: true, webauthn:extension:largeBlob: true, webauthn:virtualAuthenticators: true}
Session ID: b2f10eb235da23882062237008ac2788
19:41:32.557 [main]  INFO  o.e.HW6_pageObject.AbstractTest - Выход из авторизованного аккаунта.
Найден элемент: i ""
19:41:52.201 [main]  INFO  o.e.HW6_pageObject.AbstractTest - Проверка на Выход из авторизации
Найден элемент: span "ВОЙТИ"
https://connect.facebook.net/en_US/fbevents.js 23:36349 "[Meta Pixel] - An invalid email address was specified for 'em'. This data will not be sent with any events for this Pixel."
https://www.facebook.com/tr/?id=143845725981117&ev=PageView&dl=https%3A%2F%2Fzakka.ru%2F&rl=&if=false&ts=1656780101791&sw=1536&sh=864&v=2.9.64&r=stable&ec=0&o=62&fbp=fb.1.1656780045174.1693477205&it=1656780101693&coo=false&exp=p1&rqm=GET - Failed to load resource: net::ERR_CONNECTION_RESET
https://www.facebook.com/tr/?id=143845725981117&ev=Microdata&dl=https%3A%2F%2Fzakka.ru%2F&rl=&if=false&ts=1656780103296&cd[DataLayer]=%5B%5D&cd[Meta]=%7B%22title%22%3A%22Zakka.ru%20-%20%D0%BA%D0%B0%D0%BD%D1%86%D1%82%D0%BE%D0%B2%D0%B0%D1%80%D1%8B%2C%20%D0%BF%D0%BE%D0%B4%D0%B0%D1%80%D0%BA%D0%B8%2C%20%D0%B0%D0%BA%D1%81%D0%B5%D1%81%D1%81%D1%83%D0%B0%D1%80%D1%8B.%20%D0%9F%D1%80%D0%B8%D0%BA%D0%BE%D0%BB%D1%8C%D0%BD%D0%B0%D1%8F%20%D0%BA%D0%B0%D0%BD%D1%86%D0%B5%D0%BB%D1%8F%D1%80%D0%B8%D1%8F%2C%20%D0%BD%D0%B5%D0%BE%D0%B1%D1%8B%D1%87%D0%BD%D1%8B%D0%B5%20%D0%BF%D0%BE%D0%B4%D0%B0%D1%80%D0%BA%D0%B8%2C%20%D1%82%D0%BE%D0%B2%D0%B0%D1%80%D1%8B%20%D0%B4%D0%BB%D1%8F%20%D0%B4%D0%BE%D0%BC%D0%B0%2C%20%D0%B0%D0%BA%D1%81%D0%B5%D1%81%D1%81%D1%83%D0%B0%D1%80%D1%8B%22%2C%22meta%3Adescription%22%3A%22%D0%A3%D1%8E%D1%82%D0%BD%D1%8B%D0%B5%20%D1%82%D0%BE%D0%B2%D0%B0%D1%80%D1%8B%20%D0%B4%D0%BB%D1%8F%20%D0%B4%D0%BE%D0%BC%D0%B0%2C%20%D0%BD%D0%B5%D0%BE%D0%B1%D1%8B%D1%87%D0%BD%D1%8B%D0%B5%20%D0%B0%D0%BA%D1%81%D0%B5%D1%81%D1%81%D1%83%D0%B0%D1%80%D1%8B%2C%20%D1%81%D1%82%D0%B8%D0%BB%D1%8C%D0%BD%D0%B0%D1%8F%20%D0%BA%D0%B0%D0%BD%D1%86%D0%B5%D0%BB%D1%8F%D1%80%D0%B8%D1%8F.%20%D0%94%D0%B0%D1%80%D0%B8%D1%82%D0%B5%20%D0%B1%D0%BE%D0%BB%D1%8C%D1%88%D0%B5%20%D0%BC%D0%B0%D0%BB%D0%B5%D0%BD%D1%8C%D0%BA%D0%B8%D1%85%20%D1%80%D0%B0%D0%B4%D0%BE%D1%81%D1%82%D0%B5%D0%B9%20%D1%81%D0%B5%D0%B1%D0%B5%20%D0%B8%20%D0%B1%D0%BB%D0%B8%D0%B7%D0%BA%D0%B8%D0%BC.%2040%20%D0%BC%D0%B0%D0%B3%D0%B0%D0%B7%D0%B8%D0%BD%D0%BE%D0%B2%2B%D0%BE%D0%BD-%D0%BB%D0%B0%D0%B9%D0%BD%20%D0%B7%D0%B0%D0%BA%D0%B0%D0%B7%20%D1%81%20%D0%B4%D0%BE%D1%81%D1%82%D0%B0%D0%B2%D0%BA%D0%BE%D0%B9%20%D0%BF%D0%BE%20%D0%A0%D0%BE%D1%81%D1%81%D0%B8%D0%B8%22%7D&cd[OpenGraph]=%7B%7D&cd[Schema.org]=%5B%5D&cd[JSON-LD]=%5B%5D&sw=1536&sh=864&v=2.9.64&r=stable&ec=1&o=318&fbp=fb.1.1656780045174.1693477205&it=1656780101693&coo=false&es=automatic&tm=3&exp=p1&rqm=GET - Failed to load resource: net::ERR_CONNECTION_RESET
https://connect.facebook.net/en_US/fbevents.js 23:36349 "[Meta Pixel] - An invalid email address was specified for 'em'. This data will not be sent with any events for this Pixel."
https://www.facebook.com/tr/?id=143845725981117&ev=PageView&dl=https%3A%2F%2Fzakka.ru%2F&rl=https%3A%2F%2Fzakka.ru%2F&if=false&ts=1656780106552&sw=1536&sh=864&v=2.9.64&r=stable&ec=0&o=62&fbp=fb.1.1656780045174.1693477205&it=1656780106512&coo=false&rqm=GET - Failed to load resource: net::ERR_CONNECTION_RESET
https://www.facebook.com/tr/?id=143845725981117&ev=Microdata&dl=https%3A%2F%2Fzakka.ru%2F&rl=https%3A%2F%2Fzakka.ru%2F&if=false&ts=1656780108057&cd[DataLayer]=%5B%5D&cd[Meta]=%7B%22title%22%3A%22Zakka.ru%20-%20%D0%BA%D0%B0%D0%BD%D1%86%D1%82%D0%BE%D0%B2%D0%B0%D1%80%D1%8B%2C%20%D0%BF%D0%BE%D0%B4%D0%B0%D1%80%D0%BA%D0%B8%2C%20%D0%B0%D0%BA%D1%81%D0%B5%D1%81%D1%81%D1%83%D0%B0%D1%80%D1%8B.%20%D0%9F%D1%80%D0%B8%D0%BA%D0%BE%D0%BB%D1%8C%D0%BD%D0%B0%D1%8F%20%D0%BA%D0%B0%D0%BD%D1%86%D0%B5%D0%BB%D1%8F%D1%80%D0%B8%D1%8F%2C%20%D0%BD%D0%B5%D0%BE%D0%B1%D1%8B%D1%87%D0%BD%D1%8B%D0%B5%20%D0%BF%D0%BE%D0%B4%D0%B0%D1%80%D0%BA%D0%B8%2C%20%D1%82%D0%BE%D0%B2%D0%B0%D1%80%D1%8B%20%D0%B4%D0%BB%D1%8F%20%D0%B4%D0%BE%D0%BC%D0%B0%2C%20%D0%B0%D0%BA%D1%81%D0%B5%D1%81%D1%81%D1%83%D0%B0%D1%80%D1%8B%22%2C%22meta%3Adescription%22%3A%22%D0%A3%D1%8E%D1%82%D0%BD%D1%8B%D0%B5%20%D1%82%D0%BE%D0%B2%D0%B0%D1%80%D1%8B%20%D0%B4%D0%BB%D1%8F%20%D0%B4%D0%BE%D0%BC%D0%B0%2C%20%D0%BD%D0%B5%D0%BE%D0%B1%D1%8B%D1%87%D0%BD%D1%8B%D0%B5%20%D0%B0%D0%BA%D1%81%D0%B5%D1%81%D1%81%D1%83%D0%B0%D1%80%D1%8B%2C%20%D1%81%D1%82%D0%B8%D0%BB%D1%8C%D0%BD%D0%B0%D1%8F%20%D0%BA%D0%B0%D0%BD%D1%86%D0%B5%D0%BB%D1%8F%D1%80%D0%B8%D1%8F.%20%D0%94%D0%B0%D1%80%D0%B8%D1%82%D0%B5%20%D0%B1%D0%BE%D0%BB%D1%8C%D1%88%D0%B5%20%D0%BC%D0%B0%D0%BB%D0%B5%D0%BD%D1%8C%D0%BA%D0%B8%D1%85%20%D1%80%D0%B0%D0%B4%D0%BE%D1%81%D1%82%D0%B5%D0%B9%20%D1%81%D0%B5%D0%B1%D0%B5%20%D0%B8%20%D0%B1%D0%BB%D0%B8%D0%B7%D0%BA%D0%B8%D0%BC.%2040%20%D0%BC%D0%B0%D0%B3%D0%B0%D0%B7%D0%B8%D0%BD%D0%BE%D0%B2%2B%D0%BE%D0%BD-%D0%BB%D0%B0%D0%B9%D0%BD%20%D0%B7%D0%B0%D0%BA%D0%B0%D0%B7%20%D1%81%20%D0%B4%D0%BE%D1%81%D1%82%D0%B0%D0%B2%D0%BA%D0%BE%D0%B9%20%D0%BF%D0%BE%20%D0%A0%D0%BE%D1%81%D1%81%D0%B8%D0%B8%22%7D&cd[OpenGraph]=%7B%7D&cd[Schema.org]=%5B%5D&cd[JSON-LD]=%5B%5D&sw=1536&sh=864&v=2.9.64&r=stable&ec=1&o=62&fbp=fb.1.1656780045174.1693477205&it=1656780106512&coo=false&es=automatic&tm=3&rqm=GET - Failed to load resource: net::ERR_CONNECTION_RESET
]]></system-out>
    <system-err><![CDATA[[1656780092.188][SEVERE]: Timed out receiving message from renderer: 10.000
[1656780092.189][SEVERE]: Timed out receiving message from renderer: -0.011
[1656780092.191][SEVERE]: Timed out receiving message from renderer: -0.011
]]></system-err>
  </testcase>
  <testcase name="addFavorite" classname="org.example.HW6_pageObject.TestWithLogin" time="17.476"/>
  <testcase name="addFavoriteByCard" classname="org.example.HW6_pageObject.TestWithLogin" time="13.082">
    <error message="unknown error: cannot determine loading status&#10;from unknown error: unexpected command response&#10;  (Session info: chrome=103.0.5060.66)&#10;Build info: version: &apos;4.0.0&apos;, revision: &apos;3a21814679&apos;&#10;System info: host: &apos;LAPTOP-9BAGK8HD&apos;, ip: &apos;192.168.77.148&apos;, os.name: &apos;Windows 11&apos;, os.arch: &apos;amd64&apos;, os.version: &apos;10.0&apos;, java.version: &apos;11.0.15&apos;&#10;Driver info: org.openqa.selenium.chrome.ChromeDriver&#10;Command: [b2f10eb235da23882062237008ac2788, findElement {using=xpath, value=.//a[text()=&apos;Stepan Koryagin&apos;]}]&#10;Capabilities {acceptInsecureCerts: false, browserName: chrome, browserVersion: 103.0.5060.66, chrome: {chromedriverVersion: 103.0.5060.53 (a1711811edd7..., userDataDir: C:\Users\stepa\AppData\Loca...}, goog:chromeOptions: {debuggerAddress: localhost:63350}, javascriptEnabled: true, networkConnectionEnabled: false, pageLoadStrategy: normal, platform: WINDOWS, platformName: WINDOWS, proxy: Proxy(), se:cdp: ws://localhost:63350/devtoo..., se:cdpVersion: 103.0.5060.66, setWindowRect: true, strictFileInteractability: false, timeouts: {implicit: 0, pageLoad: 10000, script: 30000}, unhandledPromptBehavior: dismiss and notify, webauthn:extension:credBlob: true, webauthn:extension:largeBlob: true, webauthn:virtualAuthenticators: true}&#10;Session ID: b2f10eb235da23882062237008ac2788" type="org.openqa.selenium.WebDriverException">org.openqa.selenium.WebDriverException: 
unknown error: cannot determine loading status
from unknown error: unexpected command response
  (Session info: chrome=103.0.5060.66)
Build info: version: '4.0.0', revision: '3a21814679'
System info: host: 'LAPTOP-9BAGK8HD', ip: '192.168.77.148', os.name: 'Windows 11', os.arch: 'amd64', os.version: '10.0', java.version: '11.0.15'
Driver info: org.openqa.selenium.chrome.ChromeDriver
Command: [b2f10eb235da23882062237008ac2788, findElement {using=xpath, value=.//a[text()='Stepan Koryagin']}]
Capabilities {acceptInsecureCerts: false, browserName: chrome, browserVersion: 103.0.5060.66, chrome: {chromedriverVersion: 103.0.5060.53 (a1711811edd7..., userDataDir: C:\Users\stepa\AppData\Loca...}, goog:chromeOptions: {debuggerAddress: localhost:63350}, javascriptEnabled: true, networkConnectionEnabled: false, pageLoadStrategy: normal, platform: WINDOWS, platformName: WINDOWS, proxy: Proxy(), se:cdp: ws://localhost:63350/devtoo..., se:cdpVersion: 103.0.5060.66, setWindowRect: true, strictFileInteractability: false, timeouts: {implicit: 0, pageLoad: 10000, script: 30000}, unhandledPromptBehavior: dismiss and notify, webauthn:extension:credBlob: true, webauthn:extension:largeBlob: true, webauthn:virtualAuthenticators: true}
Session ID: b2f10eb235da23882062237008ac2788
	at org.example.HW6_pageObject.TestWithLogin.login(TestWithLogin.java:34)
</error>
    <system-out><![CDATA[19:42:10.381 [main]  INFO  o.e.HW6_pageObject.AbstractTest - Переход на стартовую страницу
19:42:10.382 [main]  INFO  o.e.HW6_pageObject.AbstractTest - Авторизация на сайте магазина
Найден элемент: a "ВОЙТИ"
Клик на элемент: a "ВОЙТИ"
Найден элемент: input ""
Клик на элемент: input "E-mail"
Найден элемент: input ""
Найден элемент: input ""
Клик на элемент: input "Пароль"
Найден элемент: input ""
Найден элемент: input ""
Клик на элемент: input "Войти"
19:42:10.955 [main]  INFO  o.e.HW6_pageObject.AbstractTest - Проверка авторизации
19:42:12.006 [main]  ERROR o.e.H.MyWebDriverEventListener - onException: Скриншот сохранен в папку target/failure-1656780131098.png
Вызвано исключение: unknown error: cannot determine loading status
from unknown error: unexpected command response
  (Session info: chrome=103.0.5060.66)
Build info: version: '4.0.0', revision: '3a21814679'
System info: host: 'LAPTOP-9BAGK8HD', ip: '192.168.77.148', os.name: 'Windows 11', os.arch: 'amd64', os.version: '10.0', java.version: '11.0.15'
Driver info: org.openqa.selenium.chrome.ChromeDriver
Command: [b2f10eb235da23882062237008ac2788, findElement {using=xpath, value=.//a[text()='Stepan Koryagin']}]
Capabilities {acceptInsecureCerts: false, browserName: chrome, browserVersion: 103.0.5060.66, chrome: {chromedriverVersion: 103.0.5060.53 (a1711811edd7..., userDataDir: C:\Users\stepa\AppData\Loca...}, goog:chromeOptions: {debuggerAddress: localhost:63350}, javascriptEnabled: true, networkConnectionEnabled: false, pageLoadStrategy: normal, platform: WINDOWS, platformName: WINDOWS, proxy: Proxy(), se:cdp: ws://localhost:63350/devtoo..., se:cdpVersion: 103.0.5060.66, setWindowRect: true, strictFileInteractability: false, timeouts: {implicit: 0, pageLoad: 10000, script: 30000}, unhandledPromptBehavior: dismiss and notify, webauthn:extension:credBlob: true, webauthn:extension:largeBlob: true, webauthn:virtualAuthenticators: true}
Session ID: b2f10eb235da23882062237008ac2788
19:42:12.007 [main]  INFO  o.e.HW6_pageObject.AbstractTest - Выход из авторизованного аккаунта.
Найден элемент: i ""
19:42:22.756 [main]  INFO  o.e.HW6_pageObject.AbstractTest - Проверка на Выход из авторизации
Найден элемент: span "ВОЙТИ"
https://connect.facebook.net/en_US/fbevents.js 23:36349 "[Meta Pixel] - An invalid email address was specified for 'em'. This data will not be sent with any events for this Pixel."
https://www.facebook.com/tr/?id=143845725981117&ev=PageView&dl=https%3A%2F%2Fzakka.ru%2F&rl=&if=false&ts=1656780130198&sw=1536&sh=864&v=2.9.64&r=stable&ec=0&o=62&fbp=fb.1.1656780045174.1693477205&it=1656780130180&coo=false&exp=p0&rqm=GET - Failed to load resource: net::ERR_CONNECTION_RESET
https://www.facebook.com/tr/?id=143845725981117&ev=PageView&dl=https%3A%2F%2Fzakka.ru%2F%23login-popap&rl=&if=false&ts=1656780130806&sw=1536&sh=864&v=2.9.64&r=stable&ec=1&o=318&fbp=fb.1.1656780045174.1693477205&it=1656780130180&coo=false&exp=p0&rqm=GET - Failed to load resource: net::ERR_CONNECTION_RESET
https://connect.facebook.net/en_US/fbevents.js 23:36349 "[Meta Pixel] - An invalid email address was specified for 'em'. This data will not be sent with any events for this Pixel."
https://www.facebook.com/tr/?id=143845725981117&ev=PageView&dl=https%3A%2F%2Fzakka.ru%2F%23login-popap&rl=https%3A%2F%2Fzakka.ru%2F&if=false&ts=1656780131478&sw=1536&sh=864&v=2.9.64&r=stable&ec=0&o=318&fbp=fb.1.1656780045174.1693477205&it=1656780131440&coo=false&exp=p1&rqm=GET - Failed to load resource: net::ERR_CONNECTION_RESET
https://connect.facebook.net/en_US/fbevents.js 23:36349 "[Meta Pixel] - An invalid email address was specified for 'em'. This data will not be sent with any events for this Pixel."
https://www.facebook.com/tr/?id=143845725981117&ev=PageView&dl=https%3A%2F%2Fzakka.ru%2F&rl=&if=false&ts=1656780132369&sw=1536&sh=864&v=2.9.64&r=stable&ec=0&o=62&fbp=fb.1.1656780045174.1693477205&it=1656780132331&coo=false&rqm=GET - Failed to load resource: net::ERR_CONNECTION_RESET
https://www.facebook.com/tr/?id=143845725981117&ev=Microdata&dl=https%3A%2F%2Fzakka.ru%2F&rl=&if=false&ts=1656780133872&cd[DataLayer]=%5B%5D&cd[Meta]=%7B%22title%22%3A%22Zakka.ru%20-%20%D0%BA%D0%B0%D0%BD%D1%86%D1%82%D0%BE%D0%B2%D0%B0%D1%80%D1%8B%2C%20%D0%BF%D0%BE%D0%B4%D0%B0%D1%80%D0%BA%D0%B8%2C%20%D0%B0%D0%BA%D1%81%D0%B5%D1%81%D1%81%D1%83%D0%B0%D1%80%D1%8B.%20%D0%9F%D1%80%D0%B8%D0%BA%D0%BE%D0%BB%D1%8C%D0%BD%D0%B0%D1%8F%20%D0%BA%D0%B0%D0%BD%D1%86%D0%B5%D0%BB%D1%8F%D1%80%D0%B8%D1%8F%2C%20%D0%BD%D0%B5%D0%BE%D0%B1%D1%8B%D1%87%D0%BD%D1%8B%D0%B5%20%D0%BF%D0%BE%D0%B4%D0%B0%D1%80%D0%BA%D0%B8%2C%20%D1%82%D0%BE%D0%B2%D0%B0%D1%80%D1%8B%20%D0%B4%D0%BB%D1%8F%20%D0%B4%D0%BE%D0%BC%D0%B0%2C%20%D0%B0%D0%BA%D1%81%D0%B5%D1%81%D1%81%D1%83%D0%B0%D1%80%D1%8B%22%2C%22meta%3Adescription%22%3A%22%D0%A3%D1%8E%D1%82%D0%BD%D1%8B%D0%B5%20%D1%82%D0%BE%D0%B2%D0%B0%D1%80%D1%8B%20%D0%B4%D0%BB%D1%8F%20%D0%B4%D0%BE%D0%BC%D0%B0%2C%20%D0%BD%D0%B5%D0%BE%D0%B1%D1%8B%D1%87%D0%BD%D1%8B%D0%B5%20%D0%B0%D0%BA%D1%81%D0%B5%D1%81%D1%81%D1%83%D0%B0%D1%80%D1%8B%2C%20%D1%81%D1%82%D0%B8%D0%BB%D1%8C%D0%BD%D0%B0%D1%8F%20%D0%BA%D0%B0%D0%BD%D1%86%D0%B5%D0%BB%D1%8F%D1%80%D0%B8%D1%8F.%20%D0%94%D0%B0%D1%80%D0%B8%D1%82%D0%B5%20%D0%B1%D0%BE%D0%BB%D1%8C%D1%88%D0%B5%20%D0%BC%D0%B0%D0%BB%D0%B5%D0%BD%D1%8C%D0%BA%D0%B8%D1%85%20%D1%80%D0%B0%D0%B4%D0%BE%D1%81%D1%82%D0%B5%D0%B9%20%D1%81%D0%B5%D0%B1%D0%B5%20%D0%B8%20%D0%B1%D0%BB%D0%B8%D0%B7%D0%BA%D0%B8%D0%BC.%2040%20%D0%BC%D0%B0%D0%B3%D0%B0%D0%B7%D0%B8%D0%BD%D0%BE%D0%B2%2B%D0%BE%D0%BD-%D0%BB%D0%B0%D0%B9%D0%BD%20%D0%B7%D0%B0%D0%BA%D0%B0%D0%B7%20%D1%81%20%D0%B4%D0%BE%D1%81%D1%82%D0%B0%D0%B2%D0%BA%D0%BE%D0%B9%20%D0%BF%D0%BE%20%D0%A0%D0%BE%D1%81%D1%81%D0%B8%D0%B8%22%7D&cd[OpenGraph]=%7B%7D&cd[Schema.org]=%5B%5D&cd[JSON-LD]=%5B%5D&sw=1536&sh=864&v=2.9.64&r=stable&ec=1&o=318&fbp=fb.1.1656780045174.1693477205&it=1656780132331&coo=false&es=automatic&tm=3&rqm=GET - Failed to load resource: net::ERR_CONNECTION_RESET
https://connect.facebook.net/en_US/fbevents.js 23:36349 "[Meta Pixel] - An invalid email address was specified for 'em'. This data will not be sent with any events for this Pixel."
https://www.facebook.com/tr/?id=143845725981117&ev=PageView&dl=https%3A%2F%2Fzakka.ru%2F&rl=https%3A%2F%2Fzakka.ru%2F&if=false&ts=1656780137081&sw=1536&sh=864&v=2.9.64&r=stable&ec=0&o=62&fbp=fb.1.1656780045174.1693477205&it=1656780137036&coo=false&rqm=GET - Failed to load resource: net::ERR_CONNECTION_RESET
https://www.facebook.com/tr/?id=143845725981117&ev=Microdata&dl=https%3A%2F%2Fzakka.ru%2F&rl=https%3A%2F%2Fzakka.ru%2F&if=false&ts=1656780138585&cd[DataLayer]=%5B%5D&cd[Meta]=%7B%22title%22%3A%22Zakka.ru%20-%20%D0%BA%D0%B0%D0%BD%D1%86%D1%82%D0%BE%D0%B2%D0%B0%D1%80%D1%8B%2C%20%D0%BF%D0%BE%D0%B4%D0%B0%D1%80%D0%BA%D0%B8%2C%20%D0%B0%D0%BA%D1%81%D0%B5%D1%81%D1%81%D1%83%D0%B0%D1%80%D1%8B.%20%D0%9F%D1%80%D0%B8%D0%BA%D0%BE%D0%BB%D1%8C%D0%BD%D0%B0%D1%8F%20%D0%BA%D0%B0%D0%BD%D1%86%D0%B5%D0%BB%D1%8F%D1%80%D0%B8%D1%8F%2C%20%D0%BD%D0%B5%D0%BE%D0%B1%D1%8B%D1%87%D0%BD%D1%8B%D0%B5%20%D0%BF%D0%BE%D0%B4%D0%B0%D1%80%D0%BA%D0%B8%2C%20%D1%82%D0%BE%D0%B2%D0%B0%D1%80%D1%8B%20%D0%B4%D0%BB%D1%8F%20%D0%B4%D0%BE%D0%BC%D0%B0%2C%20%D0%B0%D0%BA%D1%81%D0%B5%D1%81%D1%81%D1%83%D0%B0%D1%80%D1%8B%22%2C%22meta%3Adescription%22%3A%22%D0%A3%D1%8E%D1%82%D0%BD%D1%8B%D0%B5%20%D1%82%D0%BE%D0%B2%D0%B0%D1%80%D1%8B%20%D0%B4%D0%BB%D1%8F%20%D0%B4%D0%BE%D0%BC%D0%B0%2C%20%D0%BD%D0%B5%D0%BE%D0%B1%D1%8B%D1%87%D0%BD%D1%8B%D0%B5%20%D0%B0%D0%BA%D1%81%D0%B5%D1%81%D1%81%D1%83%D0%B0%D1%80%D1%8B%2C%20%D1%81%D1%82%D0%B8%D0%BB%D1%8C%D0%BD%D0%B0%D1%8F%20%D0%BA%D0%B0%D0%BD%D1%86%D0%B5%D0%BB%D1%8F%D1%80%D0%B8%D1%8F.%20%D0%94%D0%B0%D1%80%D0%B8%D1%82%D0%B5%20%D0%B1%D0%BE%D0%BB%D1%8C%D1%88%D0%B5%20%D0%BC%D0%B0%D0%BB%D0%B5%D0%BD%D1%8C%D0%BA%D0%B8%D1%85%20%D1%80%D0%B0%D0%B4%D0%BE%D1%81%D1%82%D0%B5%D0%B9%20%D1%81%D0%B5%D0%B1%D0%B5%20%D0%B8%20%D0%B1%D0%BB%D0%B8%D0%B7%D0%BA%D0%B8%D0%BC.%2040%20%D0%BC%D0%B0%D0%B3%D0%B0%D0%B7%D0%B8%D0%BD%D0%BE%D0%B2%2B%D0%BE%D0%BD-%D0%BB%D0%B0%D0%B9%D0%BD%20%D0%B7%D0%B0%D0%BA%D0%B0%D0%B7%20%D1%81%20%D0%B4%D0%BE%D1%81%D1%82%D0%B0%D0%B2%D0%BA%D0%BE%D0%B9%20%D0%BF%D0%BE%20%D0%A0%D0%BE%D1%81%D1%81%D0%B8%D0%B8%22%7D&cd[OpenGraph]=%7B%7D&cd[Schema.org]=%5B%5D&cd[JSON-LD]=%5B%5D&sw=1536&sh=864&v=2.9.64&r=stable&ec=1&o=62&fbp=fb.1.1656780045174.1693477205&it=1656780137036&coo=false&es=automatic&tm=3&rqm=GET - Failed to load resource: net::ERR_CONNECTION_RESET
]]></system-out>
  </testcase>
  <testcase name="addItemByCard" classname="org.example.HW6_pageObject.TestWithLogin" time="21.867"/>
</testsuite>